/usr/bin/phpdoc -d '/var/www/brucelee.duckdns.org/fix_srt' -t 'docs/fix_srt' --template='responsive-twig' --ignore='*/_fpdf/*,*/_mypdf/*,*/backup/*,*/backups/*,*/bak/*,*/dompdf/*,*/html2fpdf/*,*/html2pdf/*,*/mPDF/*,*/mpdf/*,*/old/*,*/phpequations/*,*/phpexcel/*,*/PHPExcel/*,*/simplehtmldom/*,*/tcpdf/*,*/tmp/*,*-bak/*,*-old/*,*-tmp/*,*.bak/*,*.old/*,*.tmp/*,*_bak/*,*_old/*,*_tmp/*,*.bak,*.old,*.tmp,*Copy of *' >> 'log//fix_srt.log' 2>&1

Collecting files .. OK
Initializing parser .. OK
Parsing files
Parsing /var/www/brucelee.servebeer.com/fix_srt/fixed/index.php
  No summary was found for this file
Parsing /var/www/brucelee.servebeer.com/fix_srt/upload/index.php
  No summary was found for this file
Parsing /var/www/brucelee.servebeer.com/fix_srt/index.php
  No summary was found for this file
  Argument $inputPath is missing from the Docblock of \download_fixed()
  Argument $basename is missing from the Docblock of \download_fixed()
  No summary for function ""
Storing cache in "/var/www/brucelee.servebeer.com/phpDocumentor/generator/docs/fix_srt" .. OK
Load cache                                                         ..    0.000s
Preparing template "responsive-twig"                               ..    0.041s
Preparing 14 transformations                                       ..    0.000s
Build "elements" index                                             ..    0.000s
Replace textual FQCNs with object aliases                          ..    0.000s
Resolve @link and @see tags in descriptions                        ..    0.000s
Enriches inline example tags with their sources                    ..    0.000s
Build "packages" index                                             ..    0.000s
Build "namespaces" index and add namespaces to "elements"          ..    0.000s
Collect all markers embedded in tags                               ..    0.000s
Transform analyzed project into artifacts                          ..    1.175s
Analyze results and write report to log                            ..    0.000s
